<?xml version="1.0" encoding="UTF-8"?>
<!-- Generated by org.testng.reporters.JUnitReportReporter -->
<testsuite hostname="LAPTOP-T5SP0DBP" failures="0" tests="3" name="practise.Demo1" time="0.000" errors="0" timestamp="2022-04-20T12:15:45 IST" skipped="0">
  <testcase classname="practise.Demo1" name="xyza" time="0.000"/>
  <system-out/>
  <testcase classname="practise.Demo1" name="lmn" time="0.000"/>
  <system-out/>
  <testcase classname="practise.Demo1" name="pqr" time="0.000"/>
  <system-out/>
</testsuite> <!-- practise.Demo1 -->
