<?xml version="1.0" encoding="UTF-8"?>
<!-- Generated by org.testng.reporters.JUnitReportReporter -->
<testsuite hostname="LAPTOP-T5SP0DBP" failures="0" tests="1" name="practise.Fbdemo" time="0.000" errors="0" timestamp="2022-04-22T14:25:15 IST" skipped="1">
  <testcase classname="practise.Fbdemo" name="Register" time="0.000">
    <skipped/>
  </testcase> <!-- Register -->
  <system-out/>
</testsuite> <!-- practise.Fbdemo -->
