<?xml version="1.0" encoding="UTF-8"?>
<!-- Generated by org.testng.reporters.JUnitReportReporter -->
<testsuite hostname="LAPTOP-T5SP0DBP" failures="0" tests="3" name="practise.Demo2" time="0.015" errors="0" timestamp="2022-04-20T11:55:08 IST" skipped="0">
  <testcase classname="practise.Demo2" name="lmn" time="0.015"/>
  <system-out/>
  <testcase classname="practise.Demo2" name="xyz" time="0.000"/>
  <system-out/>
  <testcase classname="practise.Demo2" name="abc" time="0.000"/>
  <system-out/>
</testsuite> <!-- practise.Demo2 -->
