<?xml version="1.0" encoding="UTF-8"?>
<!-- Generated by org.testng.reporters.JUnitReportReporter -->
<testsuite hostname="LAPTOP-T5SP0DBP" failures="0" tests="2" name="practise.Demo3" time="0.032" errors="0" timestamp="2022-04-20T12:15:45 IST" skipped="0">
  <testcase classname="practise.Demo3" name="lmn" time="0.000"/>
  <system-out/>
  <testcase classname="practise.Demo3" name="xyz" time="0.032"/>
  <system-out/>
</testsuite> <!-- practise.Demo3 -->
