<?xml version="1.0" encoding="UTF-8"?>
<!-- Generated by org.testng.reporters.JUnitReportReporter -->
<testsuite hostname="LAPTOP-T5SP0DBP" failures="0" tests="3" name="TestLayer.CreateMultipleUser" time="2.743" errors="0" timestamp="2022-04-27T10:54:58 IST" skipped="1">
  <testcase classname="TestLayer.CreateMultipleUser" name="loginPage" time="2.730"/>
  <system-out/>
  <testcase classname="TestLayer.CreateMultipleUser" name="ValidateHomePage" time="0.013"/>
  <system-out/>
  <testcase classname="TestLayer.CreateMultipleUser" name="PimPageCraeteEmployee" time="0.000">
    <skipped/>
  </testcase> <!-- PimPageCraeteEmployee -->
  <system-out/>
</testsuite> <!-- TestLayer.CreateMultipleUser -->
